<?xml version="1.0" encoding="UTF-8"?>
<!-- Generated by org.testng.reporters.JUnitXMLReporter -->
<testsuite ignored="4" hostname="Reka" failures="0" tests="6" name="FirefoxTest" time="29.994" errors="0" timestamp="2025-03-05T16:58:03 CST">
  <testcase classname="test.SearchTest" name="openHomePage" time="1.848"/>
  <testcase classname="test.SearchTest" name="testAmazonSearch" time="3.239"/>
  <testcase classname="test.SearchTest" name="verifyProductInSearchResult" time="0.203"/>
  <testcase classname="test.ProductTest" name="testAddToCart" time="4.978"/>
  <testcase classname="test.ProductTest" name="testCartSuccessMessage" time="15.37"/>
  <testcase classname="test.CartTest" name="testCartItems" time="0.067"/>
  <testcase classname="base.BaseClass" name="@BeforeSuite startDockerGrid" time="0.0">
    <ignored/>
  </testcase> <!-- @BeforeSuite startDockerGrid -->
  <testcase classname="base.BaseClass" name="@BeforeSuite startDockerGrid" time="0.0">
    <ignored/>
  </testcase> <!-- @BeforeSuite startDockerGrid -->
  <testcase classname="base.BaseClass" name="@AfterTest tearDown" time="0.0">
    <ignored/>
  </testcase> <!-- @AfterTest tearDown -->
  <testcase classname="base.BaseClass" name="@AfterTest tearDown" time="0.0">
    <ignored/>
  </testcase> <!-- @AfterTest tearDown -->
</testsuite> <!-- FirefoxTest -->
