<?xml version="1.0" encoding="UTF-8"?>
<testsuite xmlns:xsi="http://www.w3.org/2001/XMLSchema-instance" xsi:noNamespaceSchemaLocation="https://maven.apache.org/surefire/maven-surefire-plugin/xsd/surefire-test-report-3.0.xsd" version="3.0" name="TestSuite" time="103.244" tests="6" errors="0" skipped="1" failures="2">
  <properties>
[...]
</properties>
  <testcase name="openHomePage" classname="test.SearchTest" time="1.301">
    <system-out><![CDATA[16:54:51.273 [main] DEBUG org.testng.TestNG - suiteXmlPath: "C:\Users\nreka\vscodedevops\amazon\testng.xml"
16:54:51.410 [main] INFO org.testng.internal.Utils - [XmlSuite] [WARN] 'parallel' value 'false' is no longer valid, defaulting to 'none'.
16:54:51.815 [main] WARN org.testng.TestNG - Ignoring duplicate listener : io.qameta.allure.testng.AllureTestNg
16:54:51.815 [main] WARN org.testng.TestNG - Ignoring duplicate listener : io.qameta.allure.testng.AllureTestNg
16:54:51.815 [main] WARN org.testng.TestNG - Ignoring duplicate listener : io.qameta.allure.testng.AllureTestNg
16:54:51.890 [main] DEBUG com.aventstack.chaintest.service.ChainPluginService - Found configuration entry chaintest.generator.email.enabled, will use chaintest.generator.email.class-name to resolve class
16:54:51.900 [main] DEBUG com.aventstack.chaintest.service.ChainPluginService - Found configuration entry chaintest.generator.chainlp.enabled, will use chaintest.generator.chainlp.class-name to resolve class
16:54:51.902 [main] DEBUG com.aventstack.chaintest.service.ChainPluginService - Found configuration entry chaintest.generator.simple.enabled, will use chaintest.generator.simple.class-name to resolve class
16:54:51.906 [main] DEBUG com.aventstack.chaintest.generator.FileGenerator - Loading template index.ftl for class class com.aventstack.chaintest.generator.ChainTestEmailGenerator with basePackagePath email/
16:54:52.947 [main] DEBUG com.aventstack.chaintest.http.HttpRetryHandler - Creating HttpRetryHandler instance for 3 retry attempts
16:54:53.018 [main] DEBUG com.aventstack.chaintest.http.ChainTestApiClient - Created request for entity Build with body: {"id":0,"projectId":0,"projectName":"amazon-automation-testng","startedAt":1740783292947,"endedAt":0,"durationMs":0,"executionStage":"IN_PROGRESS","testRunner":"testng","name":null,"result":"PASSED","tagStatsMonitor":{},"tags":[],"gitRepository":null,"gitBranch":null,"gitCommitHash":null,"gitTags":null,"gitCommitMessage":null,"systemInfo":[{"id":0,"name":"java.version","val":"17.0.11"},{"id":0,"name":"java.vm.name","val":"Java HotSpot(TM) 64-Bit Server VM"},{"id":0,"name":"java.vm.vendor","val":"Oracle Corporation"},{"id":0,"name":"java.class.version","val":"61.0"},{"id":0,"name":"java.runtime.name","val":"Java(TM) SE Runtime Environment"},{"id":0,"name":"os.name","val":"Windows 11"},{"id":0,"name":"os.arch","val":"amd64"},{"id":0,"name":"os.version","val":"10.0"}],"bdd":false,"durationPretty":"0ms"}
16:54:53.076 [HttpClient-1-Worker-0] DEBUG com.aventstack.chaintest.http.JsonMappedBodyHandler - Received response from service: {
"servlet":"Stapler",
"message":"No valid crumb was included in the request",
"url":"/api/v1/builds",
"status":"403"
}
16:54:53.109 [main] DEBUG com.aventstack.chaintest.http.HttpRetryHandler - Create API returned responseCode: 403
16:54:53.110 [main] ERROR com.aventstack.chaintest.http.HttpRetryHandler - Failed to save entity Build due to a client-side error, received response code : 403
16:54:53.114 [main] DEBUG com.aventstack.chaintest.generator.FileGenerator - Loading template index.ftl for class class com.aventstack.chaintest.generator.ChainTestSimpleGenerator with basePackagePath simple
[INFO ] 2025-02-28 16:54:54.007 [main] DriverManager - Log4j 1.x Logger initialized.
[INFO ] 2025-02-28 16:54:54.013 [main] DriverManager - Logger initialized and logging preferences set.
Search Test: Open Home Page
[INFO ] 2025-02-28 16:55:05.406 [main] Loggerload - Search Test: Open Home Page: 
2025-02-28 16:55:05 INFO  SearchTest:20 - Search Test: Open Home Page:
Checking the amazon website title
Title: 
]]></system-out>
    <system-err><![CDATA[SLF4J: Class path contains multiple SLF4J bindings.
SLF4J: Found binding in [jar:file:/C:/Users/nreka/.m2/repository/ch/qos/logback/logback-classic/1.2.6/logback-classic-1.2.6.jar!/org/slf4j/impl/StaticLoggerBinder.class]
SLF4J: Found binding in [jar:file:/C:/Users/nreka/.m2/repository/org/apache/logging/log4j/log4j-slf4j-impl/2.14.1/log4j-slf4j-impl-2.14.1.jar!/org/slf4j/impl/StaticLoggerBinder.class]
SLF4J: See http://www.slf4j.org/codes.html#multiple_bindings for an explanation.
SLF4J: Actual binding is of type [ch.qos.logback.classic.util.ContextSelectorStaticBinder]
Feb 28, 2025 4:54:54 PM org.openqa.selenium.remote.tracing.opentelemetry.OpenTelemetryTracer createTracer
INFO: Using OpenTelemetry for tracing
]]></system-err>
  </testcase>
  <testcase name="testAmazonSearch" classname="test.SearchTest" time="20.23">
    <failure message="no such element: Unable to locate element: {&quot;method&quot;:&quot;xpath&quot;,&quot;selector&quot;:&quot;//input[@id=&apos;twotabsearchtextbox&apos;]&quot;}&#10;  (Session info: chrome=133.0.6943.142)&#10;For documentation on this error, please visit: https://www.selenium.dev/documentation/webdriver/troubleshooting/errors#no-such-element-exception&#10;Build info: version: &apos;4.27.0&apos;, revision: &apos;d6e718d134&apos;&#10;System info: os.name: &apos;Windows 11&apos;, os.arch: &apos;amd64&apos;, os.version: &apos;10.0&apos;, java.version: &apos;17.0.11&apos;&#10;Driver info: org.openqa.selenium.remote.RemoteWebDriver&#10;Command: [40451470dd8b91e1f3c8627bdaa607c5, findElement {value=//input[@id=&apos;twotabsearchtextbox&apos;], using=xpath}]&#10;Capabilities {acceptInsecureCerts: true, browserName: chrome, browserVersion: 133.0.6943.142, chrome: {chromedriverVersion: 133.0.6943.142 (f217c2438a8..., userDataDir: C:\Program Files (x86)\scop...}, fedcm:accounts: true, goog:chromeOptions: {debuggerAddress: localhost:9225}, goog:loggingPrefs: {browser: ALL}, networkConnectionEnabled: false, pageLoadStrategy: normal, platformName: Windows XP, proxy: Proxy(), se:bidiEnabled: false, se:cdp: wss://cdp-us.lambdatest.com..., se:cdpVersion: 133.0.6943.142, setWindowRect: true, strictFileInteractability: false, timeouts: {implicit: 0, pageLoad: 300000, script: 30000}, unhandledPromptBehavior: dismiss and notify, webauthn:extension:credBlob: true, webauthn:extension:largeBlob: true, webauthn:extension:minPinLength: true, webauthn:extension:prf: true, webauthn:virtualAuthenticators: true}&#10;Session ID: 40451470dd8b91e1f3c8627bdaa607c5" type="org.openqa.selenium.NoSuchElementException"><![CDATA[org.openqa.selenium.NoSuchElementException: 
no such element: Unable to locate element: {"method":"xpath","selector":"//input[@id='twotabsearchtextbox']"}
  (Session info: chrome=133.0.6943.142)
For documentation on this error, please visit: https://www.selenium.dev/documentation/webdriver/troubleshooting/errors#no-such-element-exception
Build info: version: '4.27.0', revision: 'd6e718d134'
System info: os.name: 'Windows 11', os.arch: 'amd64', os.version: '10.0', java.version: '17.0.11'
Driver info: org.openqa.selenium.remote.RemoteWebDriver
Command: [40451470dd8b91e1f3c8627bdaa607c5, findElement {value=//input[@id='twotabsearchtextbox'], using=xpath}]
Capabilities {acceptInsecureCerts: true, browserName: chrome, browserVersion: 133.0.6943.142, chrome: {chromedriverVersion: 133.0.6943.142 (f217c2438a8..., userDataDir: C:\Program Files (x86)\scop...}, fedcm:accounts: true, goog:chromeOptions: {debuggerAddress: localhost:9225}, goog:loggingPrefs: {browser: ALL}, networkConnectionEnabled: false, pageLoadStrategy: normal, platformName: Windows XP, proxy: Proxy(), se:bidiEnabled: false, se:cdp: wss://cdp-us.lambdatest.com..., se:cdpVersion: 133.0.6943.142, setWindowRect: true, strictFileInteractability: false, timeouts: {implicit: 0, pageLoad: 300000, script: 30000}, unhandledPromptBehavior: dismiss and notify, webauthn:extension:credBlob: true, webauthn:extension:largeBlob: true, webauthn:extension:minPinLength: true, webauthn:extension:prf: true, webauthn:virtualAuthenticators: true}
Session ID: 40451470dd8b91e1f3c8627bdaa607c5
	at java.base/jdk.internal.reflect.NativeConstructorAccessorImpl.newInstance0(Native Method)
	at java.base/jdk.internal.reflect.NativeConstructorAccessorImpl.newInstance(NativeConstructorAccessorImpl.java:77)
	at java.base/jdk.internal.reflect.DelegatingConstructorAccessorImpl.newInstance(DelegatingConstructorAccessorImpl.java:45)
	at java.base/java.lang.reflect.Constructor.newInstanceWithCaller(Constructor.java:499)
	at java.base/java.lang.reflect.Constructor.newInstance(Constructor.java:480)
	at org.openqa.selenium.remote.ErrorCodec.decode(ErrorCodec.java:167)
	at org.openqa.selenium.remote.codec.w3c.W3CHttpResponseCodec.decode(W3CHttpResponseCodec.java:138)
	at org.openqa.selenium.remote.codec.w3c.W3CHttpResponseCodec.decode(W3CHttpResponseCodec.java:50)
	at org.openqa.selenium.remote.HttpCommandExecutor.execute(HttpCommandExecutor.java:190)
	at org.openqa.selenium.remote.TracedCommandExecutor.execute(TracedCommandExecutor.java:53)
	at org.openqa.selenium.remote.RemoteWebDriver.execute(RemoteWebDriver.java:545)
	at org.openqa.selenium.remote.ElementLocation$ElementFinder$2.findElement(ElementLocation.java:165)
	at org.openqa.selenium.remote.ElementLocation.findElement(ElementLocation.java:59)
	at org.openqa.selenium.remote.RemoteWebDriver.findElement(RemoteWebDriver.java:368)
	at org.openqa.selenium.remote.RemoteWebDriver.findElement(RemoteWebDriver.java:362)
	at org.openqa.selenium.support.pagefactory.DefaultElementLocator.findElement(DefaultElementLocator.java:68)
	at org.openqa.selenium.support.pagefactory.internal.LocatingElementHandler.invoke(LocatingElementHandler.java:38)
	at jdk.proxy2/jdk.proxy2.$Proxy34.sendKeys(Unknown Source)
	at pageObjects.SearchPage.searchForProduct(SearchPage.java:59)
	at pageObjects.SearchPage.searchProductAndOpenResultPage(SearchPage.java:64)
	at test.SearchTest.testAmazonSearch(SearchTest.java:32)
	at java.base/jdk.internal.reflect.NativeMethodAccessorImpl.invoke0(Native Method)
	at java.base/jdk.internal.reflect.NativeMethodAccessorImpl.invoke(NativeMethodAccessorImpl.java:77)
	at java.base/jdk.internal.reflect.DelegatingMethodAccessorImpl.invoke(DelegatingMethodAccessorImpl.java:43)
	at java.base/java.lang.reflect.Method.invoke(Method.java:568)
	at org.testng.internal.invokers.MethodInvocationHelper.invokeMethod(MethodInvocationHelper.java:141)
	at org.testng.internal.invokers.TestInvoker.invokeMethod(TestInvoker.java:687)
	at org.testng.internal.invokers.TestInvoker.invokeTestMethod(TestInvoker.java:230)
	at org.testng.internal.invokers.MethodRunner.runInSequence(MethodRunner.java:63)
	at org.testng.internal.invokers.TestInvoker$MethodInvocationAgent.invoke(TestInvoker.java:995)
	at org.testng.internal.invokers.TestInvoker.invokeTestMethods(TestInvoker.java:203)
	at org.testng.internal.invokers.TestMethodWorker.invokeTestMethods(TestMethodWorker.java:154)
	at org.testng.internal.invokers.TestMethodWorker.run(TestMethodWorker.java:134)
	at java.base/java.util.ArrayList.forEach(ArrayList.java:1511)
	at org.testng.TestRunner.privateRun(TestRunner.java:741)
	at org.testng.TestRunner.run(TestRunner.java:616)
	at org.testng.SuiteRunner.runTest(SuiteRunner.java:421)
	at org.testng.SuiteRunner.runSequentially(SuiteRunner.java:413)
	at org.testng.SuiteRunner.privateRun(SuiteRunner.java:373)
	at org.testng.SuiteRunner.run(SuiteRunner.java:312)
	at org.testng.SuiteRunnerWorker.runSuite(SuiteRunnerWorker.java:52)
	at org.testng.SuiteRunnerWorker.run(SuiteRunnerWorker.java:95)
	at org.testng.TestNG.runSuitesSequentially(TestNG.java:1274)
	at org.testng.TestNG.runSuitesLocally(TestNG.java:1208)
	at org.testng.TestNG.runSuites(TestNG.java:1112)
	at org.testng.TestNG.run(TestNG.java:1079)
	at org.apache.maven.surefire.testng.TestNGExecutor.run(TestNGExecutor.java:308)
	at org.apache.maven.surefire.testng.TestNGXmlTestSuite.execute(TestNGXmlTestSuite.java:71)
	at org.apache.maven.surefire.testng.TestNGProvider.invoke(TestNGProvider.java:113)
	at org.apache.maven.surefire.booter.ForkedBooter.runSuitesInProcess(ForkedBooter.java:385)
	at org.apache.maven.surefire.booter.ForkedBooter.execute(ForkedBooter.java:162)
	at org.apache.maven.surefire.booter.ForkedBooter.run(ForkedBooter.java:507)
	at org.apache.maven.surefire.booter.ForkedBooter.main(ForkedBooter.java:495)
]]></failure>
    <system-out><![CDATA[[INFO ] 2025-02-28 16:55:07.476 [main] BaseClass - Screenshot captured for test: openHomePage
Test Passed
Search Test: Test Amazon Search
[INFO ] 2025-02-28 16:55:07.486 [main] Loggerload - Search Test: Test Amazon Search
Sending input: 
]]></system-out>
  </testcase>
  <testcase name="verifyProductInSearchResult" classname="test.SearchTest" time="0">
    <skipped message="Method test.SearchTest.verifyProductInSearchResult() on instance test.SearchTest@476ee5b3 depends on not successfully finished methods &#10;[test.SearchTest.testAmazonSearch() on instance test.SearchTest@476ee5b3]"/>
    <system-out><![CDATA[[INFO ] 2025-02-28 16:55:28.877 [main] BaseClass - Screenshot captured for test: testAmazonSearch
]]></system-out>
  </testcase>
  <testcase name="testAddToCart" classname="test.ProductTest" time="20.462">
    <failure message="no such element: Unable to locate element: {&quot;method&quot;:&quot;xpath&quot;,&quot;selector&quot;:&quot;//input[@id=&apos;add-to-cart-button&apos; and @type=&apos;submit&apos;]&quot;}&#10;  (Session info: chrome=133.0.6943.142)&#10;For documentation on this error, please visit: https://www.selenium.dev/documentation/webdriver/troubleshooting/errors#no-such-element-exception&#10;Build info: version: &apos;4.27.0&apos;, revision: &apos;d6e718d134&apos;&#10;System info: os.name: &apos;Windows 11&apos;, os.arch: &apos;amd64&apos;, os.version: &apos;10.0&apos;, java.version: &apos;17.0.11&apos;&#10;Driver info: org.openqa.selenium.remote.RemoteWebDriver&#10;Command: [40451470dd8b91e1f3c8627bdaa607c5, findElement {value=//input[@id=&apos;add-to-cart-button&apos; and @type=&apos;submit&apos;], using=xpath}]&#10;Capabilities {acceptInsecureCerts: true, browserName: chrome, browserVersion: 133.0.6943.142, chrome: {chromedriverVersion: 133.0.6943.142 (f217c2438a8..., userDataDir: C:\Program Files (x86)\scop...}, fedcm:accounts: true, goog:chromeOptions: {debuggerAddress: localhost:9225}, goog:loggingPrefs: {browser: ALL}, networkConnectionEnabled: false, pageLoadStrategy: normal, platformName: Windows XP, proxy: Proxy(), se:bidiEnabled: false, se:cdp: wss://cdp-us.lambdatest.com..., se:cdpVersion: 133.0.6943.142, setWindowRect: true, strictFileInteractability: false, timeouts: {implicit: 0, pageLoad: 300000, script: 30000}, unhandledPromptBehavior: dismiss and notify, webauthn:extension:credBlob: true, webauthn:extension:largeBlob: true, webauthn:extension:minPinLength: true, webauthn:extension:prf: true, webauthn:virtualAuthenticators: true}&#10;Session ID: 40451470dd8b91e1f3c8627bdaa607c5" type="org.openqa.selenium.NoSuchElementException"><![CDATA[org.openqa.selenium.NoSuchElementException: 
no such element: Unable to locate element: {"method":"xpath","selector":"//input[@id='add-to-cart-button' and @type='submit']"}
  (Session info: chrome=133.0.6943.142)
For documentation on this error, please visit: https://www.selenium.dev/documentation/webdriver/troubleshooting/errors#no-such-element-exception
Build info: version: '4.27.0', revision: 'd6e718d134'
System info: os.name: 'Windows 11', os.arch: 'amd64', os.version: '10.0', java.version: '17.0.11'
Driver info: org.openqa.selenium.remote.RemoteWebDriver
Command: [40451470dd8b91e1f3c8627bdaa607c5, findElement {value=//input[@id='add-to-cart-button' and @type='submit'], using=xpath}]
Capabilities {acceptInsecureCerts: true, browserName: chrome, browserVersion: 133.0.6943.142, chrome: {chromedriverVersion: 133.0.6943.142 (f217c2438a8..., userDataDir: C:\Program Files (x86)\scop...}, fedcm:accounts: true, goog:chromeOptions: {debuggerAddress: localhost:9225}, goog:loggingPrefs: {browser: ALL}, networkConnectionEnabled: false, pageLoadStrategy: normal, platformName: Windows XP, proxy: Proxy(), se:bidiEnabled: false, se:cdp: wss://cdp-us.lambdatest.com..., se:cdpVersion: 133.0.6943.142, setWindowRect: true, strictFileInteractability: false, timeouts: {implicit: 0, pageLoad: 300000, script: 30000}, unhandledPromptBehavior: dismiss and notify, webauthn:extension:credBlob: true, webauthn:extension:largeBlob: true, webauthn:extension:minPinLength: true, webauthn:extension:prf: true, webauthn:virtualAuthenticators: true}
Session ID: 40451470dd8b91e1f3c8627bdaa607c5
	at java.base/jdk.internal.reflect.NativeConstructorAccessorImpl.newInstance0(Native Method)
	at java.base/jdk.internal.reflect.NativeConstructorAccessorImpl.newInstance(NativeConstructorAccessorImpl.java:77)
	at java.base/jdk.internal.reflect.DelegatingConstructorAccessorImpl.newInstance(DelegatingConstructorAccessorImpl.java:45)
	at java.base/java.lang.reflect.Constructor.newInstanceWithCaller(Constructor.java:499)
	at java.base/java.lang.reflect.Constructor.newInstance(Constructor.java:480)
	at org.openqa.selenium.remote.ErrorCodec.decode(ErrorCodec.java:167)
	at org.openqa.selenium.remote.codec.w3c.W3CHttpResponseCodec.decode(W3CHttpResponseCodec.java:138)
	at org.openqa.selenium.remote.codec.w3c.W3CHttpResponseCodec.decode(W3CHttpResponseCodec.java:50)
	at org.openqa.selenium.remote.HttpCommandExecutor.execute(HttpCommandExecutor.java:190)
	at org.openqa.selenium.remote.TracedCommandExecutor.execute(TracedCommandExecutor.java:53)
	at org.openqa.selenium.remote.RemoteWebDriver.execute(RemoteWebDriver.java:545)
	at org.openqa.selenium.remote.ElementLocation$ElementFinder$2.findElement(ElementLocation.java:165)
	at org.openqa.selenium.remote.ElementLocation.findElement(ElementLocation.java:59)
	at org.openqa.selenium.remote.RemoteWebDriver.findElement(RemoteWebDriver.java:368)
	at org.openqa.selenium.remote.RemoteWebDriver.findElement(RemoteWebDriver.java:362)
	at org.openqa.selenium.support.pagefactory.DefaultElementLocator.findElement(DefaultElementLocator.java:68)
	at org.openqa.selenium.support.pagefactory.internal.LocatingElementHandler.invoke(LocatingElementHandler.java:38)
	at jdk.proxy2/jdk.proxy2.$Proxy34.click(Unknown Source)
	at pageObjects.ProductPage.addToCart(ProductPage.java:53)
	at test.ProductTest.testAddToCart(ProductTest.java:25)
	at java.base/jdk.internal.reflect.NativeMethodAccessorImpl.invoke0(Native Method)
	at java.base/jdk.internal.reflect.NativeMethodAccessorImpl.invoke(NativeMethodAccessorImpl.java:77)
	at java.base/jdk.internal.reflect.DelegatingMethodAccessorImpl.invoke(DelegatingMethodAccessorImpl.java:43)
	at java.base/java.lang.reflect.Method.invoke(Method.java:568)
	at org.testng.internal.invokers.MethodInvocationHelper.invokeMethod(MethodInvocationHelper.java:141)
	at org.testng.internal.invokers.TestInvoker.invokeMethod(TestInvoker.java:687)
	at org.testng.internal.invokers.TestInvoker.invokeTestMethod(TestInvoker.java:230)
	at org.testng.internal.invokers.MethodRunner.runInSequence(MethodRunner.java:63)
	at org.testng.internal.invokers.TestInvoker$MethodInvocationAgent.invoke(TestInvoker.java:995)
	at org.testng.internal.invokers.TestInvoker.invokeTestMethods(TestInvoker.java:203)
	at org.testng.internal.invokers.TestMethodWorker.invokeTestMethods(TestMethodWorker.java:154)
	at org.testng.internal.invokers.TestMethodWorker.run(TestMethodWorker.java:134)
	at java.base/java.util.ArrayList.forEach(ArrayList.java:1511)
	at org.testng.TestRunner.privateRun(TestRunner.java:741)
	at org.testng.TestRunner.run(TestRunner.java:616)
	at org.testng.SuiteRunner.runTest(SuiteRunner.java:421)
	at org.testng.SuiteRunner.runSequentially(SuiteRunner.java:413)
	at org.testng.SuiteRunner.privateRun(SuiteRunner.java:373)
	at org.testng.SuiteRunner.run(SuiteRunner.java:312)
	at org.testng.SuiteRunnerWorker.runSuite(SuiteRunnerWorker.java:52)
	at org.testng.SuiteRunnerWorker.run(SuiteRunnerWorker.java:95)
	at org.testng.TestNG.runSuitesSequentially(TestNG.java:1274)
	at org.testng.TestNG.runSuitesLocally(TestNG.java:1208)
	at org.testng.TestNG.runSuites(TestNG.java:1112)
	at org.testng.TestNG.run(TestNG.java:1079)
	at org.apache.maven.surefire.testng.TestNGExecutor.run(TestNGExecutor.java:308)
	at org.apache.maven.surefire.testng.TestNGXmlTestSuite.execute(TestNGXmlTestSuite.java:71)
	at org.apache.maven.surefire.testng.TestNGProvider.invoke(TestNGProvider.java:113)
	at org.apache.maven.surefire.booter.ForkedBooter.runSuitesInProcess(ForkedBooter.java:385)
	at org.apache.maven.surefire.booter.ForkedBooter.execute(ForkedBooter.java:162)
	at org.apache.maven.surefire.booter.ForkedBooter.run(ForkedBooter.java:507)
	at org.apache.maven.surefire.booter.ForkedBooter.main(ForkedBooter.java:495)
]]></failure>
    <system-out><![CDATA[[INFO ] 2025-02-28 16:55:28.895 [main] Loggerload - Product Test: Test Add To Cart 
Product Test: Test Add To Cart
https://www.amazon.in/
7AA7B4609276B088EE7D1CEFABD0D77A
Amazon.in
]]></system-out>
  </testcase>
  <testcase name="testCartSuccessMessage" classname="test.ProductTest" time="21.135">
    <system-out><![CDATA[[INFO ] 2025-02-28 16:55:50.138 [main] BaseClass - Screenshot captured for test: testAddToCart
Wait for the go to cart button to be clickable before clicking it
Unexpected error: Expected condition failed: waiting for visibility of element located by By.id: attachDisplayAddBaseAlert (tried for 10 second(s) with 500 milliseconds interval)
Build info: version: '4.27.0', revision: 'd6e718d134'
System info: os.name: 'Windows 11', os.arch: 'amd64', os.version: '10.0', java.version: '17.0.11'
Driver info: org.openqa.selenium.remote.RemoteWebDriver
Capabilities {acceptInsecureCerts: true, browserName: chrome, browserVersion: 133.0.6943.142, chrome: {chromedriverVersion: 133.0.6943.142 (f217c2438a8..., userDataDir: C:\Program Files (x86)\scop...}, fedcm:accounts: true, goog:chromeOptions: {debuggerAddress: localhost:9225}, goog:loggingPrefs: {browser: ALL}, networkConnectionEnabled: false, pageLoadStrategy: normal, platformName: Windows XP, proxy: Proxy(), se:bidiEnabled: false, se:cdp: wss://cdp-us.lambdatest.com..., se:cdpVersion: 133.0.6943.142, setWindowRect: true, strictFileInteractability: false, timeouts: {implicit: 0, pageLoad: 300000, script: 30000}, unhandledPromptBehavior: dismiss and notify, webauthn:extension:credBlob: true, webauthn:extension:largeBlob: true, webauthn:extension:minPinLength: true, webauthn:extension:prf: true, webauthn:virtualAuthenticators: true}
Session ID: 40451470dd8b91e1f3c8627bdaa607c5
[INFO ] 2025-02-28 16:56:10.316 [main] Loggerload - Product Test: Moving to cart page 
Product Test: Moving to cart page
Cart Window Title: Amazon.in
https://www.amazon.in/
7AA7B4609276B088EE7D1CEFABD0D77A
]]></system-out>
  </testcase>
  <testcase name="testCartItems" classname="test.CartTest" time="20.14">
    <system-out><![CDATA[[INFO ] 2025-02-28 16:56:12.059 [main] BaseClass - Screenshot captured for test: testCartSuccessMessage
Test Passed
[INFO ] 2025-02-28 16:56:12.065 [main] Loggerload - Cart Test:Test Cart Items 
Cart Test:Test Cart Items
Item NOT found in cart!
]]></system-out>
  </testcase>
</testsuite>