<?xml version="1.0" encoding="UTF-8"?>
<testsuite xmlns:xsi="http://www.w3.org/2001/XMLSchema-instance" xsi:noNamespaceSchemaLocation="https://maven.apache.org/surefire/maven-surefire-plugin/xsd/surefire-test-report-3.0.xsd" version="3.0" name="TestSuite" time="114.909" tests="18" errors="0" skipped="0" failures="0">
  <properties>
[...]
</properties>
  <testcase name="openHomePage" classname="test.SearchTest" time="1.912">
    <system-out><![CDATA[16:56:08.445 [main] DEBUG org.testng.TestNG - suiteXmlPath: "C:\Users\nreka\vscodedevops\amazon\testng.xml"
16:56:08.708 [main] WARN org.testng.TestNG - Ignoring duplicate listener : io.qameta.allure.testng.AllureTestNg
16:56:08.708 [main] WARN org.testng.TestNG - Ignoring duplicate listener : io.qameta.allure.testng.AllureTestNg
16:56:08.708 [main] WARN org.testng.TestNG - Ignoring duplicate listener : io.qameta.allure.testng.AllureTestNg
16:56:08.726 [main] DEBUG com.aventstack.chaintest.service.ChainPluginService - Found configuration entry chaintest.generator.email.enabled, will use chaintest.generator.email.class-name to resolve class
16:56:08.728 [main] DEBUG com.aventstack.chaintest.service.ChainPluginService - Found configuration entry chaintest.generator.chainlp.enabled, will use chaintest.generator.chainlp.class-name to resolve class
16:56:08.729 [main] DEBUG com.aventstack.chaintest.service.ChainPluginService - Found configuration entry chaintest.generator.simple.enabled, will use chaintest.generator.simple.class-name to resolve class
16:56:08.731 [main] DEBUG com.aventstack.chaintest.generator.FileGenerator - Loading template index.ftl for class class com.aventstack.chaintest.generator.ChainTestEmailGenerator with basePackagePath email/
16:56:09.167 [main] DEBUG com.aventstack.chaintest.http.HttpRetryHandler - Creating HttpRetryHandler instance for 3 retry attempts
16:56:09.231 [main] DEBUG com.aventstack.chaintest.http.ChainTestApiClient - Created request for entity Build with body: {"id":0,"projectId":0,"projectName":"amazon-automation-testng","startedAt":1741215369167,"endedAt":0,"durationMs":0,"executionStage":"IN_PROGRESS","testRunner":"testng","name":null,"result":"PASSED","tagStatsMonitor":{},"tags":[],"gitRepository":null,"gitBranch":null,"gitCommitHash":null,"gitTags":null,"gitCommitMessage":null,"systemInfo":[{"id":0,"name":"java.version","val":"17.0.11"},{"id":0,"name":"java.vm.name","val":"Java HotSpot(TM) 64-Bit Server VM"},{"id":0,"name":"java.vm.vendor","val":"Oracle Corporation"},{"id":0,"name":"java.class.version","val":"61.0"},{"id":0,"name":"java.runtime.name","val":"Java(TM) SE Runtime Environment"},{"id":0,"name":"os.name","val":"Windows 11"},{"id":0,"name":"os.arch","val":"amd64"},{"id":0,"name":"os.version","val":"10.0"}],"bdd":false,"durationPretty":"0ms"}
16:56:09.279 [main] DEBUG com.aventstack.chaintest.http.HttpRetryHandler - Failed to connect to the ChainTest service
java.net.ConnectException: null
	at java.net.http/jdk.internal.net.http.HttpClientImpl.send(HttpClientImpl.java:573)
	at java.net.http/jdk.internal.net.http.HttpClientFacade.send(HttpClientFacade.java:123)
	at com.aventstack.chaintest.http.ChainTestApiClient.send(ChainTestApiClient.java:150)
	at com.aventstack.chaintest.http.HttpRetryHandler.trySend(HttpRetryHandler.java:57)
	at com.aventstack.chaintest.http.HttpRetryHandler.trySend(HttpRetryHandler.java:90)
	at com.aventstack.chaintest.generator.ChainLPGenerator.start(ChainLPGenerator.java:96)
	at com.aventstack.chaintest.service.ChainPluginService.lambda$start$1(ChainPluginService.java:99)
	at java.base/java.util.stream.ForEachOps$ForEachOp$OfRef.accept(ForEachOps.java:183)
	at java.base/java.util.stream.ReferencePipeline$2$1.accept(ReferencePipeline.java:179)
	at java.base/java.util.ArrayList$ArrayListSpliterator.forEachRemaining(ArrayList.java:1625)
	at java.base/java.util.stream.AbstractPipeline.copyInto(AbstractPipeline.java:509)
	at java.base/java.util.stream.AbstractPipeline.wrapAndCopyInto(AbstractPipeline.java:499)
	at java.base/java.util.stream.ForEachOps$ForEachOp.evaluateSequential(ForEachOps.java:150)
	at java.base/java.util.stream.ForEachOps$ForEachOp$OfRef.evaluateSequential(ForEachOps.java:173)
	at java.base/java.util.stream.AbstractPipeline.evaluate(AbstractPipeline.java:234)
	at java.base/java.util.stream.ReferencePipeline.forEach(ReferencePipeline.java:596)
	at com.aventstack.chaintest.service.ChainPluginService.start(ChainPluginService.java:99)
	at utilities.chainTestListener.onExecutionStart(chainTestListener.java:65)
	at org.testng.TestNG.runExecutionListeners(TestNG.java:1129)
	at org.testng.TestNG.run(TestNG.java:1074)
	at org.apache.maven.surefire.testng.TestNGExecutor.run(TestNGExecutor.java:308)
	at org.apache.maven.surefire.testng.TestNGXmlTestSuite.execute(TestNGXmlTestSuite.java:71)
	at org.apache.maven.surefire.testng.TestNGProvider.invoke(TestNGProvider.java:113)
	at org.apache.maven.surefire.booter.ForkedBooter.runSuitesInProcess(ForkedBooter.java:385)
	at org.apache.maven.surefire.booter.ForkedBooter.execute(ForkedBooter.java:162)
	at org.apache.maven.surefire.booter.ForkedBooter.run(ForkedBooter.java:507)
	at org.apache.maven.surefire.booter.ForkedBooter.main(ForkedBooter.java:495)
Caused by: java.net.ConnectException: null
	at java.net.http/jdk.internal.net.http.common.Utils.toConnectException(Utils.java:1055)
	at java.net.http/jdk.internal.net.http.PlainHttpConnection.connectAsync(PlainHttpConnection.java:198)
	at java.net.http/jdk.internal.net.http.PlainHttpConnection.checkRetryConnect(PlainHttpConnection.java:230)
	at java.net.http/jdk.internal.net.http.PlainHttpConnection.lambda$connectAsync$1(PlainHttpConnection.java:206)
	at java.base/java.util.concurrent.CompletableFuture.uniHandle(CompletableFuture.java:934)
	at java.base/java.util.concurrent.CompletableFuture$UniHandle.tryFire(CompletableFuture.java:911)
	at java.base/java.util.concurrent.CompletableFuture.postComplete(CompletableFuture.java:510)
	at java.base/java.util.concurrent.CompletableFuture$AsyncSupply.run(CompletableFuture.java:1773)
	at java.base/java.util.concurrent.ThreadPoolExecutor.runWorker(ThreadPoolExecutor.java:1136)
	at java.base/java.util.concurrent.ThreadPoolExecutor$Worker.run(ThreadPoolExecutor.java:635)
	at java.base/java.lang.Thread.run(Thread.java:842)
Caused by: java.nio.channels.ClosedChannelException: null
	at java.base/sun.nio.ch.SocketChannelImpl.ensureOpen(SocketChannelImpl.java:195)
	at java.base/sun.nio.ch.SocketChannelImpl.beginConnect(SocketChannelImpl.java:760)
	at java.base/sun.nio.ch.SocketChannelImpl.connect(SocketChannelImpl.java:848)
	at java.net.http/jdk.internal.net.http.PlainHttpConnection.lambda$connectAsync$0(PlainHttpConnection.java:183)
	at java.base/java.security.AccessController.doPrivileged(AccessController.java:569)
	at java.net.http/jdk.internal.net.http.PlainHttpConnection.connectAsync(PlainHttpConnection.java:185)
	... 9 common frames omitted
16:56:11.283 [main] DEBUG com.aventstack.chaintest.http.ChainTestApiClient - Created request for entity Build with body: {"id":0,"projectId":0,"projectName":"amazon-automation-testng","startedAt":1741215369167,"endedAt":0,"durationMs":0,"executionStage":"IN_PROGRESS","testRunner":"testng","name":null,"result":"PASSED","tagStatsMonitor":{},"tags":[],"gitRepository":null,"gitBranch":null,"gitCommitHash":null,"gitTags":null,"gitCommitMessage":null,"systemInfo":[{"id":0,"name":"java.version","val":"17.0.11"},{"id":0,"name":"java.vm.name","val":"Java HotSpot(TM) 64-Bit Server VM"},{"id":0,"name":"java.vm.vendor","val":"Oracle Corporation"},{"id":0,"name":"java.class.version","val":"61.0"},{"id":0,"name":"java.runtime.name","val":"Java(TM) SE Runtime Environment"},{"id":0,"name":"os.name","val":"Windows 11"},{"id":0,"name":"os.arch","val":"amd64"},{"id":0,"name":"os.version","val":"10.0"}],"bdd":false,"durationPretty":"0ms"}
16:56:11.286 [main] DEBUG com.aventstack.chaintest.http.HttpRetryHandler - Failed to connect to the ChainTest service
java.net.ConnectException: null
	at java.net.http/jdk.internal.net.http.HttpClientImpl.send(HttpClientImpl.java:573)
	at java.net.http/jdk.internal.net.http.HttpClientFacade.send(HttpClientFacade.java:123)
	at com.aventstack.chaintest.http.ChainTestApiClient.send(ChainTestApiClient.java:150)
	at com.aventstack.chaintest.http.HttpRetryHandler.trySend(HttpRetryHandler.java:57)
	at com.aventstack.chaintest.http.HttpRetryHandler.trySend(HttpRetryHandler.java:90)
	at com.aventstack.chaintest.generator.ChainLPGenerator.start(ChainLPGenerator.java:96)
	at com.aventstack.chaintest.service.ChainPluginService.lambda$start$1(ChainPluginService.java:99)
	at java.base/java.util.stream.ForEachOps$ForEachOp$OfRef.accept(ForEachOps.java:183)
	at java.base/java.util.stream.ReferencePipeline$2$1.accept(ReferencePipeline.java:179)
	at java.base/java.util.ArrayList$ArrayListSpliterator.forEachRemaining(ArrayList.java:1625)
	at java.base/java.util.stream.AbstractPipeline.copyInto(AbstractPipeline.java:509)
	at java.base/java.util.stream.AbstractPipeline.wrapAndCopyInto(AbstractPipeline.java:499)
	at java.base/java.util.stream.ForEachOps$ForEachOp.evaluateSequential(ForEachOps.java:150)
	at java.base/java.util.stream.ForEachOps$ForEachOp$OfRef.evaluateSequential(ForEachOps.java:173)
	at java.base/java.util.stream.AbstractPipeline.evaluate(AbstractPipeline.java:234)
	at java.base/java.util.stream.ReferencePipeline.forEach(ReferencePipeline.java:596)
	at com.aventstack.chaintest.service.ChainPluginService.start(ChainPluginService.java:99)
	at utilities.chainTestListener.onExecutionStart(chainTestListener.java:65)
	at org.testng.TestNG.runExecutionListeners(TestNG.java:1129)
	at org.testng.TestNG.run(TestNG.java:1074)
	at org.apache.maven.surefire.testng.TestNGExecutor.run(TestNGExecutor.java:308)
	at org.apache.maven.surefire.testng.TestNGXmlTestSuite.execute(TestNGXmlTestSuite.java:71)
	at org.apache.maven.surefire.testng.TestNGProvider.invoke(TestNGProvider.java:113)
	at org.apache.maven.surefire.booter.ForkedBooter.runSuitesInProcess(ForkedBooter.java:385)
	at org.apache.maven.surefire.booter.ForkedBooter.execute(ForkedBooter.java:162)
	at org.apache.maven.surefire.booter.ForkedBooter.run(ForkedBooter.java:507)
	at org.apache.maven.surefire.booter.ForkedBooter.main(ForkedBooter.java:495)
Caused by: java.net.ConnectException: null
	at java.net.http/jdk.internal.net.http.common.Utils.toConnectException(Utils.java:1055)
	at java.net.http/jdk.internal.net.http.PlainHttpConnection.connectAsync(PlainHttpConnection.java:198)
	at java.net.http/jdk.internal.net.http.PlainHttpConnection.checkRetryConnect(PlainHttpConnection.java:230)
	at java.net.http/jdk.internal.net.http.PlainHttpConnection.lambda$connectAsync$1(PlainHttpConnection.java:206)
	at java.base/java.util.concurrent.CompletableFuture.uniHandle(CompletableFuture.java:934)
	at java.base/java.util.concurrent.CompletableFuture$UniHandle.tryFire(CompletableFuture.java:911)
	at java.base/java.util.concurrent.CompletableFuture.postComplete(CompletableFuture.java:510)
	at java.base/java.util.concurrent.CompletableFuture$AsyncSupply.run(CompletableFuture.java:1773)
	at java.base/java.util.concurrent.ThreadPoolExecutor.runWorker(ThreadPoolExecutor.java:1136)
	at java.base/java.util.concurrent.ThreadPoolExecutor$Worker.run(ThreadPoolExecutor.java:635)
	at java.base/java.lang.Thread.run(Thread.java:842)
Caused by: java.nio.channels.ClosedChannelException: null
	at java.base/sun.nio.ch.SocketChannelImpl.ensureOpen(SocketChannelImpl.java:195)
	at java.base/sun.nio.ch.SocketChannelImpl.beginConnect(SocketChannelImpl.java:760)
	at java.base/sun.nio.ch.SocketChannelImpl.connect(SocketChannelImpl.java:848)
	at java.net.http/jdk.internal.net.http.PlainHttpConnection.lambda$connectAsync$0(PlainHttpConnection.java:183)
	at java.base/java.security.AccessController.doPrivileged(AccessController.java:569)
	at java.net.http/jdk.internal.net.http.PlainHttpConnection.connectAsync(PlainHttpConnection.java:185)
	... 9 common frames omitted
16:56:13.300 [main] DEBUG com.aventstack.chaintest.http.ChainTestApiClient - Created request for entity Build with body: {"id":0,"projectId":0,"projectName":"amazon-automation-testng","startedAt":1741215369167,"endedAt":0,"durationMs":0,"executionStage":"IN_PROGRESS","testRunner":"testng","name":null,"result":"PASSED","tagStatsMonitor":{},"tags":[],"gitRepository":null,"gitBranch":null,"gitCommitHash":null,"gitTags":null,"gitCommitMessage":null,"systemInfo":[{"id":0,"name":"java.version","val":"17.0.11"},{"id":0,"name":"java.vm.name","val":"Java HotSpot(TM) 64-Bit Server VM"},{"id":0,"name":"java.vm.vendor","val":"Oracle Corporation"},{"id":0,"name":"java.class.version","val":"61.0"},{"id":0,"name":"java.runtime.name","val":"Java(TM) SE Runtime Environment"},{"id":0,"name":"os.name","val":"Windows 11"},{"id":0,"name":"os.arch","val":"amd64"},{"id":0,"name":"os.version","val":"10.0"}],"bdd":false,"durationPretty":"0ms"}
16:56:13.307 [main] DEBUG com.aventstack.chaintest.http.HttpRetryHandler - Failed to connect to the ChainTest service
java.net.ConnectException: null
	at java.net.http/jdk.internal.net.http.HttpClientImpl.send(HttpClientImpl.java:573)
	at java.net.http/jdk.internal.net.http.HttpClientFacade.send(HttpClientFacade.java:123)
	at com.aventstack.chaintest.http.ChainTestApiClient.send(ChainTestApiClient.java:150)
	at com.aventstack.chaintest.http.HttpRetryHandler.trySend(HttpRetryHandler.java:57)
	at com.aventstack.chaintest.http.HttpRetryHandler.trySend(HttpRetryHandler.java:90)
	at com.aventstack.chaintest.generator.ChainLPGenerator.start(ChainLPGenerator.java:96)
	at com.aventstack.chaintest.service.ChainPluginService.lambda$start$1(ChainPluginService.java:99)
	at java.base/java.util.stream.ForEachOps$ForEachOp$OfRef.accept(ForEachOps.java:183)
	at java.base/java.util.stream.ReferencePipeline$2$1.accept(ReferencePipeline.java:179)
	at java.base/java.util.ArrayList$ArrayListSpliterator.forEachRemaining(ArrayList.java:1625)
	at java.base/java.util.stream.AbstractPipeline.copyInto(AbstractPipeline.java:509)
	at java.base/java.util.stream.AbstractPipeline.wrapAndCopyInto(AbstractPipeline.java:499)
	at java.base/java.util.stream.ForEachOps$ForEachOp.evaluateSequential(ForEachOps.java:150)
	at java.base/java.util.stream.ForEachOps$ForEachOp$OfRef.evaluateSequential(ForEachOps.java:173)
	at java.base/java.util.stream.AbstractPipeline.evaluate(AbstractPipeline.java:234)
	at java.base/java.util.stream.ReferencePipeline.forEach(ReferencePipeline.java:596)
	at com.aventstack.chaintest.service.ChainPluginService.start(ChainPluginService.java:99)
	at utilities.chainTestListener.onExecutionStart(chainTestListener.java:65)
	at org.testng.TestNG.runExecutionListeners(TestNG.java:1129)
	at org.testng.TestNG.run(TestNG.java:1074)
	at org.apache.maven.surefire.testng.TestNGExecutor.run(TestNGExecutor.java:308)
	at org.apache.maven.surefire.testng.TestNGXmlTestSuite.execute(TestNGXmlTestSuite.java:71)
	at org.apache.maven.surefire.testng.TestNGProvider.invoke(TestNGProvider.java:113)
	at org.apache.maven.surefire.booter.ForkedBooter.runSuitesInProcess(ForkedBooter.java:385)
	at org.apache.maven.surefire.booter.ForkedBooter.execute(ForkedBooter.java:162)
	at org.apache.maven.surefire.booter.ForkedBooter.run(ForkedBooter.java:507)
	at org.apache.maven.surefire.booter.ForkedBooter.main(ForkedBooter.java:495)
Caused by: java.net.ConnectException: null
	at java.net.http/jdk.internal.net.http.common.Utils.toConnectException(Utils.java:1055)
	at java.net.http/jdk.internal.net.http.PlainHttpConnection.connectAsync(PlainHttpConnection.java:198)
	at java.net.http/jdk.internal.net.http.PlainHttpConnection.checkRetryConnect(PlainHttpConnection.java:230)
	at java.net.http/jdk.internal.net.http.PlainHttpConnection.lambda$connectAsync$1(PlainHttpConnection.java:206)
	at java.base/java.util.concurrent.CompletableFuture.uniHandle(CompletableFuture.java:934)
	at java.base/java.util.concurrent.CompletableFuture$UniHandle.tryFire(CompletableFuture.java:911)
	at java.base/java.util.concurrent.CompletableFuture.postComplete(CompletableFuture.java:510)
	at java.base/java.util.concurrent.CompletableFuture$AsyncSupply.run(CompletableFuture.java:1773)
	at java.base/java.util.concurrent.ThreadPoolExecutor.runWorker(ThreadPoolExecutor.java:1136)
	at java.base/java.util.concurrent.ThreadPoolExecutor$Worker.run(ThreadPoolExecutor.java:635)
	at java.base/java.lang.Thread.run(Thread.java:842)
Caused by: java.nio.channels.ClosedChannelException: null
	at java.base/sun.nio.ch.SocketChannelImpl.ensureOpen(SocketChannelImpl.java:195)
	at java.base/sun.nio.ch.SocketChannelImpl.beginConnect(SocketChannelImpl.java:760)
	at java.base/sun.nio.ch.SocketChannelImpl.connect(SocketChannelImpl.java:848)
	at java.net.http/jdk.internal.net.http.PlainHttpConnection.lambda$connectAsync$0(PlainHttpConnection.java:183)
	at java.base/java.security.AccessController.doPrivileged(AccessController.java:569)
	at java.net.http/jdk.internal.net.http.PlainHttpConnection.connectAsync(PlainHttpConnection.java:185)
	... 9 common frames omitted
16:56:15.309 [main] DEBUG com.aventstack.chaintest.http.ChainTestApiClient - Created request for entity Build with body: {"id":0,"projectId":0,"projectName":"amazon-automation-testng","startedAt":1741215369167,"endedAt":0,"durationMs":0,"executionStage":"IN_PROGRESS","testRunner":"testng","name":null,"result":"PASSED","tagStatsMonitor":{},"tags":[],"gitRepository":null,"gitBranch":null,"gitCommitHash":null,"gitTags":null,"gitCommitMessage":null,"systemInfo":[{"id":0,"name":"java.version","val":"17.0.11"},{"id":0,"name":"java.vm.name","val":"Java HotSpot(TM) 64-Bit Server VM"},{"id":0,"name":"java.vm.vendor","val":"Oracle Corporation"},{"id":0,"name":"java.class.version","val":"61.0"},{"id":0,"name":"java.runtime.name","val":"Java(TM) SE Runtime Environment"},{"id":0,"name":"os.name","val":"Windows 11"},{"id":0,"name":"os.arch","val":"amd64"},{"id":0,"name":"os.version","val":"10.0"}],"bdd":false,"durationPretty":"0ms"}
16:56:15.316 [main] DEBUG com.aventstack.chaintest.http.HttpRetryHandler - Failed to connect to the ChainTest service
java.net.ConnectException: null
	at java.net.http/jdk.internal.net.http.HttpClientImpl.send(HttpClientImpl.java:573)
	at java.net.http/jdk.internal.net.http.HttpClientFacade.send(HttpClientFacade.java:123)
	at com.aventstack.chaintest.http.ChainTestApiClient.send(ChainTestApiClient.java:150)
	at com.aventstack.chaintest.http.HttpRetryHandler.trySend(HttpRetryHandler.java:57)
	at com.aventstack.chaintest.http.HttpRetryHandler.trySend(HttpRetryHandler.java:90)
	at com.aventstack.chaintest.generator.ChainLPGenerator.start(ChainLPGenerator.java:96)
	at com.aventstack.chaintest.service.ChainPluginService.lambda$start$1(ChainPluginService.java:99)
	at java.base/java.util.stream.ForEachOps$ForEachOp$OfRef.accept(ForEachOps.java:183)
	at java.base/java.util.stream.ReferencePipeline$2$1.accept(ReferencePipeline.java:179)
	at java.base/java.util.ArrayList$ArrayListSpliterator.forEachRemaining(ArrayList.java:1625)
	at java.base/java.util.stream.AbstractPipeline.copyInto(AbstractPipeline.java:509)
	at java.base/java.util.stream.AbstractPipeline.wrapAndCopyInto(AbstractPipeline.java:499)
	at java.base/java.util.stream.ForEachOps$ForEachOp.evaluateSequential(ForEachOps.java:150)
	at java.base/java.util.stream.ForEachOps$ForEachOp$OfRef.evaluateSequential(ForEachOps.java:173)
	at java.base/java.util.stream.AbstractPipeline.evaluate(AbstractPipeline.java:234)
	at java.base/java.util.stream.ReferencePipeline.forEach(ReferencePipeline.java:596)
	at com.aventstack.chaintest.service.ChainPluginService.start(ChainPluginService.java:99)
	at utilities.chainTestListener.onExecutionStart(chainTestListener.java:65)
	at org.testng.TestNG.runExecutionListeners(TestNG.java:1129)
	at org.testng.TestNG.run(TestNG.java:1074)
	at org.apache.maven.surefire.testng.TestNGExecutor.run(TestNGExecutor.java:308)
	at org.apache.maven.surefire.testng.TestNGXmlTestSuite.execute(TestNGXmlTestSuite.java:71)
	at org.apache.maven.surefire.testng.TestNGProvider.invoke(TestNGProvider.java:113)
	at org.apache.maven.surefire.booter.ForkedBooter.runSuitesInProcess(ForkedBooter.java:385)
	at org.apache.maven.surefire.booter.ForkedBooter.execute(ForkedBooter.java:162)
	at org.apache.maven.surefire.booter.ForkedBooter.run(ForkedBooter.java:507)
	at org.apache.maven.surefire.booter.ForkedBooter.main(ForkedBooter.java:495)
Caused by: java.net.ConnectException: null
	at java.net.http/jdk.internal.net.http.common.Utils.toConnectException(Utils.java:1055)
	at java.net.http/jdk.internal.net.http.PlainHttpConnection.connectAsync(PlainHttpConnection.java:198)
	at java.net.http/jdk.internal.net.http.PlainHttpConnection.checkRetryConnect(PlainHttpConnection.java:230)
	at java.net.http/jdk.internal.net.http.PlainHttpConnection.lambda$connectAsync$1(PlainHttpConnection.java:206)
	at java.base/java.util.concurrent.CompletableFuture.uniHandle(CompletableFuture.java:934)
	at java.base/java.util.concurrent.CompletableFuture$UniHandle.tryFire(CompletableFuture.java:911)
	at java.base/java.util.concurrent.CompletableFuture.postComplete(CompletableFuture.java:510)
	at java.base/java.util.concurrent.CompletableFuture$AsyncSupply.run(CompletableFuture.java:1773)
	at java.base/java.util.concurrent.ThreadPoolExecutor.runWorker(ThreadPoolExecutor.java:1136)
	at java.base/java.util.concurrent.ThreadPoolExecutor$Worker.run(ThreadPoolExecutor.java:635)
	at java.base/java.lang.Thread.run(Thread.java:842)
Caused by: java.nio.channels.ClosedChannelException: null
	at java.base/sun.nio.ch.SocketChannelImpl.ensureOpen(SocketChannelImpl.java:195)
	at java.base/sun.nio.ch.SocketChannelImpl.beginConnect(SocketChannelImpl.java:760)
	at java.base/sun.nio.ch.SocketChannelImpl.connect(SocketChannelImpl.java:848)
	at java.net.http/jdk.internal.net.http.PlainHttpConnection.lambda$connectAsync$0(PlainHttpConnection.java:183)
	at java.base/java.security.AccessController.doPrivileged(AccessController.java:569)
	at java.net.http/jdk.internal.net.http.PlainHttpConnection.connectAsync(PlainHttpConnection.java:185)
	... 9 common frames omitted
16:56:17.330 [main] DEBUG com.aventstack.chaintest.generator.FileGenerator - Loading template index.ftl for class class com.aventstack.chaintest.generator.ChainTestSimpleGenerator with basePackagePath simple
Search Test: Open Home Page
[INFO ] 2025-03-05 16:56:35.676 [main] Loggerload - Search Test: Open Home Page: 
2025-03-05 16:56:35 INFO  SearchTest:20 - Search Test: Open Home Page:
Checking the amazon website title
Title: 
]]></system-out>
    <system-err><![CDATA[SLF4J: Class path contains multiple SLF4J bindings.
SLF4J: Found binding in [jar:file:/C:/Users/nreka/.m2/repository/ch/qos/logback/logback-classic/1.2.6/logback-classic-1.2.6.jar!/org/slf4j/impl/StaticLoggerBinder.class]
SLF4J: Found binding in [jar:file:/C:/Users/nreka/.m2/repository/org/apache/logging/log4j/log4j-slf4j-impl/2.14.1/log4j-slf4j-impl-2.14.1.jar!/org/slf4j/impl/StaticLoggerBinder.class]
SLF4J: See http://www.slf4j.org/codes.html#multiple_bindings for an explanation.
SLF4J: Actual binding is of type [ch.qos.logback.classic.util.ContextSelectorStaticBinder]
Mar 05, 2025 4:56:33 PM org.openqa.selenium.remote.tracing.opentelemetry.OpenTelemetryTracer createTracer
INFO: Using OpenTelemetry for tracing
]]></system-err>
  </testcase>
  <testcase name="openHomePage" classname="test.SearchTest" time="1.401">
    <system-out><![CDATA[Test Passed
Search Test: Open Home Page
[INFO ] 2025-03-05 16:57:07.622 [main] Loggerload - Search Test: Open Home Page: 
2025-03-05 16:57:07 INFO  SearchTest:20 - Search Test: Open Home Page:
Checking the amazon website title
Title: 
]]></system-out>
  </testcase>
  <testcase name="openHomePage" classname="test.SearchTest" time="1.85">
    <system-out><![CDATA[Test Passed
Search Test: Open Home Page
[INFO ] 2025-03-05 16:57:35.396 [main] Loggerload - Search Test: Open Home Page: 
2025-03-05 16:57:35 INFO  SearchTest:20 - Search Test: Open Home Page:
Checking the amazon website title
Title: 
]]></system-out>
  </testcase>
  <testcase name="testAmazonSearch" classname="test.SearchTest" time="3.607">
    <system-out><![CDATA[Test Passed
Search Test: Test Amazon Search
[INFO ] 2025-03-05 16:56:37.859 [main] Loggerload - Search Test: Test Amazon Search
Sending input: 
Submit Search
Number of products found: 22
First Product Name: Samsung Galaxy A05 (Black, 6GB, 128GB Storage) | 50 MP Main Camera | Upto 12GB RAM with RAM Plus | MediaTek Helio G85 | 5000 mAh Battery
Product Price: Limited time deal
₹12,499 M.R.P:
₹15,999 (22% off)
Flat INR 1000 Off on HDFC BankCards
Product Name: Sponsored
Samsung Galaxy M16 5G (Thunder Black, 4GB RAM, 128 GB Storage) | MediaTek Dimensity 6300 | AnTuTu Score 422K+ | Super Amoled Display | 25W Fast Charging | 6 Gen. of OS Upgrades | Without Charger
Clicked the product
]]></system-out>
  </testcase>
  <testcase name="testAmazonSearch" classname="test.SearchTest" time="3.74">
    <system-out><![CDATA[Test Passed
Search Test: Test Amazon Search
[INFO ] 2025-03-05 16:57:09.387 [main] Loggerload - Search Test: Test Amazon Search
Sending input: 
Submit Search
Number of products found: 22
First Product Name: Samsung Galaxy A05 (Black, 6GB, 128GB Storage) | 50 MP Main Camera | Upto 12GB RAM with RAM Plus | MediaTek Helio G85 | 5000 mAh Battery
Product Price: Limited time deal
₹15,499 M.R.P:
₹18,999 (18% off)
Flat INR 1000 Off on HDFC BankCards
Product Name: Sponsored
Samsung Galaxy M16 5G (Blush Pink, 8GB RAM, 128 GB Storage) | MediaTek Dimensity 6300 | AnTuTu Score 422K+ | Super Amoled Display | 25W Fast Charging | 6 Gen. of OS Upgrades | Without Charger
Clicked the product
]]></system-out>
  </testcase>
  <testcase name="testAmazonSearch" classname="test.SearchTest" time="3.239">
    <system-out><![CDATA[Test Passed
Search Test: Test Amazon Search
[INFO ] 2025-03-05 16:57:37.641 [main] Loggerload - Search Test: Test Amazon Search
Sending input: 
Submit Search
Number of products found: 22
First Product Name: Samsung Galaxy A05 (Black, 6GB, 128GB Storage) | 50 MP Main Camera | Upto 12GB RAM with RAM Plus | MediaTek Helio G85 | 5000 mAh Battery
Product Price: Limited time deal
₹15,499 M.R.P:
₹18,999 (18% off)
Flat INR 1000 Off on HDFC BankCards
Product Name: Sponsored
Samsung Galaxy M16 5G (Blush Pink, 8GB RAM, 128 GB Storage) | MediaTek Dimensity 6300 | AnTuTu Score 422K+ | Super Amoled Display | 25W Fast Charging | 6 Gen. of OS Upgrades | Without Charger
Clicked the product
]]></system-out>
  </testcase>
  <testcase name="verifyProductInSearchResult" classname="test.SearchTest" time="0.16">
    <system-out><![CDATA[Test Passed
Search Test: Verify Product In Search Result
 Search Test: Moving to product window 
[INFO ] 2025-03-05 16:56:41.589 [main] Loggerload - Product Test: Moving to cart page 
Window Title: Amazon.in : Mobiles
https://www.amazon.in/s?k=Mobiles&crid=1MLAS6CHFV1O9&sprefix=%2Caps%2C165&ref=nb_sb_noss
6934b0d7-80f4-4b4f-bbb7-eca5b7a8b3fd
Window Title: 
https://www.amazon.in/Samsung-Galaxy-Storage-MediaTek-Battery/dp/B0CJ2JL3B7/ref=sr_1_3?crid=1MLAS6CHFV1O9&dib=eyJ2IjoiMSJ9.J8uSZ_ijJPhEZPnRTC0X5jBAEAl1KhtUXq7oTfOzIXxxVNzi5e2rmnIgKvC6Yd-ebzrIEHR_6o_FTD8gJqdTqtgZbphwUTpnw-Irv_VVlPz_-59yex3IkHplMxZyJ5zlZ7R2S3HjLqaxRD5nDe8wXjSeC-6dde0QfR4iYOOfmcb1TUH_PUedbgVoV1UfkV63G27irnITtQSmlGIVhrTHRtdWAYqVZfAoeIPDGlCt3fg.ZzqdhQvAbK3JzXw5GgtFiHHsbmNqj-ftF1B_uYkDZrI&dib_tag=se&keywords=Mobiles&qid=1741215398&sprefix=%2Caps%2C165&sr=8-3
e0f7bc52-feba-4054-9161-50309a2a5f98
]]></system-out>
  </testcase>
  <testcase name="verifyProductInSearchResult" classname="test.SearchTest" time="0.154">
    <system-out><![CDATA[Test Passed
Search Test: Verify Product In Search Result
 Search Test: Moving to product window 
[INFO ] 2025-03-05 16:57:13.447 [main] Loggerload - Product Test: Moving to cart page 
Window Title: Amazon.in : Mobiles
https://www.amazon.in/s?k=Mobiles&ref=nb_sb_noss
e28a3c97-8892-4c6a-9d61-a70f58cbf602
Window Title: Samsung Galaxy A05 (Black, 6GB, 128GB Storage) | 50 MP Main Camera | Upto 12GB RAM with RAM Plus | MediaTek Helio G85 | 5000 mAh Battery : Amazon.in: Electronics
https://www.amazon.in/Samsung-Galaxy-Storage-MediaTek-Battery/dp/B0CJ2JL3B7/ref=sr_1_3?dib=eyJ2IjoiMSJ9.tlKoA1dBsbClu6nRPfJT0DKJA6vVAkTkEgk5aQyjyadxVNzi5e2rmnIgKvC6Yd-ebzrIEHR_6o_FTD8gJqdTqtgZbphwUTpnw-Irv_VVlPyL9w8kFA-1vqHWqu2MuRK-3skIcn1TwSSyU3FnlIj5Om2S0ToELBO9z0eTOY0g3f9GkfEaZQ4iYlHKVjE0oBUdG27irnITtQSmlGIVhrTHRqG_Dzzeobad1rnwI7Oam_M.D003uiOvZNNvShq7mn-sMfuj35ZliGt6kWbTHjIHZHw&dib_tag=se&keywords=Mobiles&qid=1741215429&sr=8-3
1dfe2906-be83-4288-be32-b4d23cfcd07e
]]></system-out>
  </testcase>
  <testcase name="verifyProductInSearchResult" classname="test.SearchTest" time="0.205">
    <system-out><![CDATA[Test Passed
Search Test: Verify Product In Search Result
 Search Test: Moving to product window 
[INFO ] 2025-03-05 16:57:40.974 [main] Loggerload - Product Test: Moving to cart page 
Window Title: Amazon.in : Mobiles
https://www.amazon.in/s?k=Mobiles&crid=OY82FR7IWKBR&sprefix=%2Caps%2C202&ref=nb_sb_noss
c796e69e-2dc2-4ad4-800e-524bbb014e58
Window Title: 
https://www.amazon.in/Samsung-Galaxy-Storage-MediaTek-Battery/dp/B0CJ2JL3B7/ref=sr_1_3?crid=OY82FR7IWKBR&dib=eyJ2IjoiMSJ9.J8uSZ_ijJPhEZPnRTC0X5jBAEAl1KhtUXq7oTfOzIXxxVNzi5e2rmnIgKvC6Yd-ebzrIEHR_6o_FTD8gJqdTqtgZbphwUTpnw-Irv_VVlPz88ogyojl69Ty-CBCZKZxFWC6vAe5yRbgBlKz6_c1Gsk4cRRGa2Xwzm5FmNci7gez1TUH_PUedbgVoV1UfkV63G27irnITtQSmlGIVhrTHRnabodkDDQ1RfhV9LNKQp8Y.JX4WUA9u9Gg1Vt6BoXSYFXfiv7z1-KluQB4gsTrdXHM&dib_tag=se&keywords=Mobiles&qid=1741215457&sprefix=%2Caps%2C202&sr=8-3
dfd2e7f1-da24-4006-8669-631bc921c4a0
]]></system-out>
  </testcase>
  <testcase name="testAddToCart" classname="test.ProductTest" time="5.243">
    <system-out><![CDATA[Test Passed
[INFO ] 2025-03-05 16:56:41.897 [main] Loggerload - Product Test: Test Add To Cart 
Product Test: Test Add To Cart
https://www.amazon.in/Samsung-Galaxy-Storage-MediaTek-Battery/dp/B0CJ2JL3B7/ref=sr_1_3?crid=1MLAS6CHFV1O9&dib=eyJ2IjoiMSJ9.J8uSZ_ijJPhEZPnRTC0X5jBAEAl1KhtUXq7oTfOzIXxxVNzi5e2rmnIgKvC6Yd-ebzrIEHR_6o_FTD8gJqdTqtgZbphwUTpnw-Irv_VVlPz_-59yex3IkHplMxZyJ5zlZ7R2S3HjLqaxRD5nDe8wXjSeC-6dde0QfR4iYOOfmcb1TUH_PUedbgVoV1UfkV63G27irnITtQSmlGIVhrTHRtdWAYqVZfAoeIPDGlCt3fg.ZzqdhQvAbK3JzXw5GgtFiHHsbmNqj-ftF1B_uYkDZrI&dib_tag=se&keywords=Mobiles&qid=1741215398&sprefix=%2Caps%2C165&sr=8-3
e0f7bc52-feba-4054-9161-50309a2a5f98
Samsung Galaxy A05 (Black, 6GB, 128GB Storage) | 50 MP Main Camera | Upto 12GB RAM with RAM Plus | MediaTek Helio G85 | 5000 mAh Battery : Amazon.in: Electronics
]]></system-out>
  </testcase>
  <testcase name="testAddToCart" classname="test.ProductTest" time="4.085">
    <system-out><![CDATA[Test Passed
[INFO ] 2025-03-05 16:57:13.657 [main] Loggerload - Product Test: Test Add To Cart 
Product Test: Test Add To Cart
https://www.amazon.in/Samsung-Galaxy-Storage-MediaTek-Battery/dp/B0CJ2JL3B7/ref=sr_1_3?dib=eyJ2IjoiMSJ9.tlKoA1dBsbClu6nRPfJT0DKJA6vVAkTkEgk5aQyjyadxVNzi5e2rmnIgKvC6Yd-ebzrIEHR_6o_FTD8gJqdTqtgZbphwUTpnw-Irv_VVlPyL9w8kFA-1vqHWqu2MuRK-3skIcn1TwSSyU3FnlIj5Om2S0ToELBO9z0eTOY0g3f9GkfEaZQ4iYlHKVjE0oBUdG27irnITtQSmlGIVhrTHRqG_Dzzeobad1rnwI7Oam_M.D003uiOvZNNvShq7mn-sMfuj35ZliGt6kWbTHjIHZHw&dib_tag=se&keywords=Mobiles&qid=1741215429&sr=8-3
1dfe2906-be83-4288-be32-b4d23cfcd07e
Samsung Galaxy A05 (Black, 6GB, 128GB Storage) | 50 MP Main Camera | Upto 12GB RAM with RAM Plus | MediaTek Helio G85 | 5000 mAh Battery : Amazon.in: Electronics
]]></system-out>
  </testcase>
  <testcase name="testAddToCart" classname="test.ProductTest" time="5.001">
    <system-out><![CDATA[Test Passed
[INFO ] 2025-03-05 16:57:41.293 [main] Loggerload - Product Test: Test Add To Cart 
Product Test: Test Add To Cart
https://www.amazon.in/Samsung-Galaxy-Storage-MediaTek-Battery/dp/B0CJ2JL3B7/ref=sr_1_3?crid=OY82FR7IWKBR&dib=eyJ2IjoiMSJ9.J8uSZ_ijJPhEZPnRTC0X5jBAEAl1KhtUXq7oTfOzIXxxVNzi5e2rmnIgKvC6Yd-ebzrIEHR_6o_FTD8gJqdTqtgZbphwUTpnw-Irv_VVlPz88ogyojl69Ty-CBCZKZxFWC6vAe5yRbgBlKz6_c1Gsk4cRRGa2Xwzm5FmNci7gez1TUH_PUedbgVoV1UfkV63G27irnITtQSmlGIVhrTHRnabodkDDQ1RfhV9LNKQp8Y.JX4WUA9u9Gg1Vt6BoXSYFXfiv7z1-KluQB4gsTrdXHM&dib_tag=se&keywords=Mobiles&qid=1741215457&sprefix=%2Caps%2C202&sr=8-3
dfd2e7f1-da24-4006-8669-631bc921c4a0
Samsung Galaxy A05 (Black, 6GB, 128GB Storage) | 50 MP Main Camera | Upto 12GB RAM with RAM Plus | MediaTek Helio G85 | 5000 mAh Battery : Amazon.in: Electronics
]]></system-out>
  </testcase>
  <testcase name="testCartSuccessMessage" classname="test.ProductTest" time="14.67">
    <system-out><![CDATA[Test Passed
Wait for the go to cart button to be clickable before clicking it
Overlay detected.
Side display overlay detected.
Clicked cartButton
Navigated to cart page: https://www.amazon.in/gp/cart/view.html/ref=dp_atch_dss_cart?
[INFO ] 2025-03-05 16:57:01.921 [main] Loggerload - Product Test: Moving to cart page 
Product Test: Moving to cart page
Cart Window Title: Amazon.in : Mobiles
https://www.amazon.in/s?k=Mobiles&crid=1MLAS6CHFV1O9&sprefix=%2Caps%2C165&ref=nb_sb_noss
6934b0d7-80f4-4b4f-bbb7-eca5b7a8b3fd
Cart Window Title: Amazon.in Shopping Cart
https://www.amazon.in/gp/cart/view.html/ref=dp_atch_dss_cart?
e0f7bc52-feba-4054-9161-50309a2a5f98
]]></system-out>
  </testcase>
  <testcase name="testCartSuccessMessage" classname="test.ProductTest" time="13.775">
    <system-out><![CDATA[Test Passed
Wait for the go to cart button to be clickable before clicking it
Overlay detected.
Side display overlay detected.
Clicked cartButton
Navigated to cart page: https://www.amazon.in/gp/cart/view.html/ref=dp_atch_dss_cart?
[INFO ] 2025-03-05 16:57:31.594 [main] Loggerload - Product Test: Moving to cart page 
Product Test: Moving to cart page
Cart Window Title: Amazon.in : Mobiles
https://www.amazon.in/s?k=Mobiles&ref=nb_sb_noss
e28a3c97-8892-4c6a-9d61-a70f58cbf602
Cart Window Title: Amazon.in Shopping Cart
https://www.amazon.in/gp/cart/view.html/ref=dp_atch_dss_cart?
1dfe2906-be83-4288-be32-b4d23cfcd07e
]]></system-out>
  </testcase>
  <testcase name="testCartSuccessMessage" classname="test.ProductTest" time="15.372">
    <system-out><![CDATA[Test Passed
Wait for the go to cart button to be clickable before clicking it
Overlay detected.
Side display overlay detected.
Clicked cartButton
Navigated to cart page: https://www.amazon.in/gp/cart/view.html/ref=dp_atch_dss_cart?
[INFO ] 2025-03-05 16:58:01.694 [main] Loggerload - Product Test: Moving to cart page 
Product Test: Moving to cart page
Cart Window Title: Amazon.in : Mobiles
https://www.amazon.in/s?k=Mobiles&crid=OY82FR7IWKBR&sprefix=%2Caps%2C202&ref=nb_sb_noss
c796e69e-2dc2-4ad4-800e-524bbb014e58
Cart Window Title: Amazon.in Shopping Cart
https://www.amazon.in/gp/cart/view.html/ref=dp_atch_dss_cart?
dfd2e7f1-da24-4006-8669-631bc921c4a0
]]></system-out>
  </testcase>
  <testcase name="testCartItems" classname="test.CartTest" time="0.068">
    <system-out><![CDATA[Test Passed
[INFO ] 2025-03-05 16:57:02.200 [main] Loggerload - Cart Test:Test Cart Items 
Cart Test:Test Cart Items
Cart Item: Samsung Galaxy A05 (Black, 6GB, 128GB Storage) | 50 MP Main Camera | Upto 12GB RAM with RAM Plus | MediaTek Helio G85 | 5000 mAh Battery
₹8,200.00
Only 1 left in stock.
Eligible for FREE Shipping
This will be a gift
 Learn more
Colour: Black
Size: 6GB + 128GB
1
Share
Item found in cart: Samsung Galaxy A05 (Black, 6GB, 128GB Storage) | 50 MP Main Camera | Upto 12GB RAM with RAM Plus | MediaTek Helio G85 | 5000 mAh Battery
]]></system-out>
  </testcase>
  <testcase name="testCartItems" classname="test.CartTest" time="0.057">
    <system-out><![CDATA[Test Passed
[INFO ] 2025-03-05 16:57:31.922 [main] Loggerload - Cart Test:Test Cart Items 
Cart Test:Test Cart Items
Cart Item: Samsung Galaxy A05 (Black, 6GB, 128GB Storage) | 50 MP Main Camera | Upto 12GB RAM with RAM Plus | MediaTek Helio G85 | 5000 mAh Battery
₹8,200.00
Only 1 left in stock.
Eligible for FREE Shipping
This will be a gift
 Learn more
Colour: Black
Size: 6GB + 128GB
1
Share
Item found in cart: Samsung Galaxy A05 (Black, 6GB, 128GB Storage) | 50 MP Main Camera | Upto 12GB RAM with RAM Plus | MediaTek Helio G85 | 5000 mAh Battery
]]></system-out>
  </testcase>
  <testcase name="testCartItems" classname="test.CartTest" time="0.063">
    <system-out><![CDATA[Test Passed
[INFO ] 2025-03-05 16:58:01.975 [main] Loggerload - Cart Test:Test Cart Items 
Cart Test:Test Cart Items
Cart Item: Samsung Galaxy A05 (Black, 6GB, 128GB Storage) | 50 MP Main Camera | Upto 12GB RAM with RAM Plus | MediaTek Helio G85 | 5000 mAh Battery
₹8,200.00
Only 1 left in stock.
Eligible for FREE Shipping
This will be a gift
 Learn more
Colour: Black
Size: 6GB + 128GB
1
Share
Item found in cart: Samsung Galaxy A05 (Black, 6GB, 128GB Storage) | 50 MP Main Camera | Upto 12GB RAM with RAM Plus | MediaTek Helio G85 | 5000 mAh Battery
]]></system-out>
  </testcase>
</testsuite>